<?xml version="1.0" encoding="UTF-8"?>
<!-- Generated by org.testng.reporters.JUnitReportReporter -->
<testsuite hostname="Kumars-MacBook-Air.local" failures="0" tests="1" name="testCases.TC001_CreateAccountTest" time="15.016" errors="0" timestamp="2025-02-25T15:30:13 IST" skipped="0">
  <testcase classname="testCases.TC001_CreateAccountTest" name="verifyAccoountCreation" time="15.016"/>
  <system-out/>
</testsuite> <!-- testCases.TC001_CreateAccountTest -->
