<?xml version="1.0" encoding="UTF-8"?>
<!-- Generated by org.testng.reporters.JUnitReportReporter -->
<testsuite hostname="Kumars-MacBook-Air.local" failures="0" tests="1" name="testCases.TC002_LoginTest" time="19.215" errors="0" timestamp="2025-02-24T15:51:41 IST" skipped="0">
  <testcase classname="testCases.TC002_LoginTest" name="verifyLogin" time="19.215"/>
  <system-out/>
</testsuite> <!-- testCases.TC002_LoginTest -->
