<?xml version="1.0" encoding="UTF-8"?>
<!-- Generated by org.testng.reporters.JUnitReportReporter -->
<testsuite hostname="Kumars-MacBook-Air.local" failures="0" tests="1" name="testCases.TC002_LoginTest" time="14.359" errors="0" timestamp="2025-02-25T14:16:10 IST" skipped="0">
  <testcase classname="testCases.TC002_LoginTest" name="verifyLogin" time="14.359"/>
  <system-out/>
</testsuite> <!-- testCases.TC002_LoginTest -->
