<?xml version="1.0" encoding="UTF-8"?>
<!-- Generated by org.testng.reporters.JUnitReportReporter -->
<testsuite hostname="Kumars-MacBook-Air.local" failures="0" tests="1" name="testCases.TC002_LoginTest" time="15.406" errors="0" timestamp="2025-03-07T19:05:52 IST" skipped="0">
  <testcase classname="testCases.TC002_LoginTest" name="verifyLogin" time="15.406"/>
  <system-out/>
</testsuite> <!-- testCases.TC002_LoginTest -->
