<?xml version="1.0" encoding="UTF-8"?>
<!-- Generated by org.testng.reporters.JUnitReportReporter -->
<testsuite hostname="Kumars-MacBook-Air.local" failures="0" tests="1" name="testCases.TC002_LoginTest" time="14.450" errors="0" timestamp="2025-02-23T15:18:37 IST" skipped="0">
  <testcase classname="testCases.TC002_LoginTest" name="verifyLogin" time="14.450"/>
</testsuite> <!-- testCases.TC002_LoginTest -->
